<?xml version="1.0" encoding="UTF-8"?>
<testng-results ignored="0" total="1" passed="1" failed="0" skipped="0">
  <reporter-output>
  </reporter-output>
  <suite started-at="2023-07-08T21:10:11 IST" name="Default suite" finished-at="2023-07-08T21:10:21 IST" duration-ms="9139">
    <groups>
    </groups>
    <test started-at="2023-07-08T21:10:11 IST" name="Default test" finished-at="2023-07-08T21:10:21 IST" duration-ms="9139">
      <class name="automationPractice.swaglabbycssselector">
        <test-method signature="validlogin()[pri:0, instance:automationPractice.swaglabbycssselector@55182842]" started-at="2023-07-08T21:10:11 IST" name="validlogin" finished-at="2023-07-08T21:10:21 IST" duration-ms="9100" status="PASS">
          <reporter-output>
          </reporter-output>
        </test-method> <!-- validlogin -->
      </class> <!-- automationPractice.swaglabbycssselector -->
    </test> <!-- Default test -->
  </suite> <!-- Default suite -->
</testng-results>
